  rend.cpp
c:\users\james\desktop\cs 580\finalproject\underwaterlight\rend.cpp(20): warning C4244: 'initializing': conversion from 'double' to 'float', possible loss of data
c:\users\james\desktop\cs 580\finalproject\underwaterlight\rend.cpp(22): warning C4244: '=': conversion from 'double' to 'float', possible loss of data
c:\users\james\desktop\cs 580\finalproject\underwaterlight\rend.cpp(23): warning C4244: '=': conversion from 'double' to 'float', possible loss of data
c:\users\james\desktop\cs 580\finalproject\underwaterlight\rend.cpp(35): warning C4244: 'initializing': conversion from 'double' to 'float', possible loss of data
c:\users\james\desktop\cs 580\finalproject\underwaterlight\rend.cpp(36): warning C4244: '=': conversion from 'double' to 'float', possible loss of data
c:\users\james\desktop\cs 580\finalproject\underwaterlight\rend.cpp(38): warning C4244: '=': conversion from 'double' to 'float', possible loss of data
c:\users\james\desktop\cs 580\finalproject\underwaterlight\rend.cpp(50): warning C4244: 'initializing': conversion from 'double' to 'float', possible loss of data
c:\users\james\desktop\cs 580\finalproject\underwaterlight\rend.cpp(51): warning C4244: '=': conversion from 'double' to 'float', possible loss of data
c:\users\james\desktop\cs 580\finalproject\underwaterlight\rend.cpp(52): warning C4244: '=': conversion from 'double' to 'float', possible loss of data
c:\users\james\desktop\cs 580\finalproject\underwaterlight\rend.cpp(115): warning C4244: '=': conversion from 'int' to 'float', possible loss of data
c:\users\james\desktop\cs 580\finalproject\underwaterlight\rend.cpp(116): warning C4244: '=': conversion from 'int' to 'float', possible loss of data
c:\users\james\desktop\cs 580\finalproject\underwaterlight\rend.cpp(117): warning C4305: '=': truncation from 'INT' to 'float'
c:\users\james\desktop\cs 580\finalproject\underwaterlight\rend.cpp(191): warning C4244: '=': conversion from 'double' to 'float', possible loss of data
c:\users\james\desktop\cs 580\finalproject\underwaterlight\rend.cpp(192): warning C4244: '=': conversion from 'double' to 'float', possible loss of data
c:\users\james\desktop\cs 580\finalproject\underwaterlight\rend.cpp(552): warning C4305: 'initializing': truncation from 'double' to 'float'
c:\users\james\desktop\cs 580\finalproject\underwaterlight\rend.cpp(604): warning C4244: 'initializing': conversion from 'double' to 'float', possible loss of data
c:\users\james\desktop\cs 580\finalproject\underwaterlight\rend.cpp(607): warning C4244: 'initializing': conversion from 'float' to 'int', possible loss of data
c:\users\james\desktop\cs 580\finalproject\underwaterlight\rend.cpp(627): warning C4244: 'initializing': conversion from 'double' to 'float', possible loss of data
c:\users\james\desktop\cs 580\finalproject\underwaterlight\rend.cpp(683): warning C4244: 'argument': conversion from 'float' to 'GzDepth', possible loss of data
c:\users\james\desktop\cs 580\finalproject\underwaterlight\rend.cpp(683): warning C4244: 'argument': conversion from 'float' to 'int', possible loss of data
c:\users\james\desktop\cs 580\finalproject\underwaterlight\rend.cpp(703): warning C4244: '+=': conversion from 'float' to 'GzIntensity', possible loss of data
c:\users\james\desktop\cs 580\finalproject\underwaterlight\rend.cpp(704): warning C4244: '+=': conversion from 'float' to 'GzIntensity', possible loss of data
c:\users\james\desktop\cs 580\finalproject\underwaterlight\rend.cpp(705): warning C4244: '+=': conversion from 'float' to 'GzIntensity', possible loss of data
c:\users\james\desktop\cs 580\finalproject\underwaterlight\rend.cpp(706): warning C4244: '+=': conversion from 'float' to 'GzIntensity', possible loss of data
c:\users\james\desktop\cs 580\finalproject\underwaterlight\rend.cpp(707): warning C4244: '+=': conversion from 'float' to 'GzDepth', possible loss of data
c:\users\james\desktop\cs 580\finalproject\underwaterlight\rend.cpp(717): warning C4244: '=': conversion from 'double' to 'GzIntensity', possible loss of data
c:\users\james\desktop\cs 580\finalproject\underwaterlight\rend.cpp(718): warning C4244: '=': conversion from 'double' to 'GzIntensity', possible loss of data
c:\users\james\desktop\cs 580\finalproject\underwaterlight\rend.cpp(719): warning C4244: '=': conversion from 'double' to 'GzIntensity', possible loss of data
c:\users\james\desktop\cs 580\finalproject\underwaterlight\rend.cpp(545): warning C4101: 'z': unreferenced local variable
c:\users\james\desktop\cs 580\finalproject\underwaterlight\rend.cpp(544): warning C4101: 'a': unreferenced local variable
  CS580HW5.vcxproj -> C:\Users\James\Desktop\CS 580\FinalProject\UnderwaterLight\.\Release\CS580HW5.exe
